#
# A fatal error has been detected by the Java Runtime Environment:
#
#  EXCEPTION_ACCESS_VIOLATION (0xc0000005) at pc=0x6d0b6b30, pid=5432, tid=2708
#
# JRE version: 6.0_22-b04
# Java VM: Java HotSpot(TM) Client VM (17.1-b03 mixed mode, sharing windows-x86 )
# Problematic frame:
# C  [awt.dll+0xb6b30]
#
# If you would like to submit a bug report, please visit:
#   http://java.sun.com/webapps/bugreport/crash.jsp
# The crash happened outside the Java Virtual Machine in native code.
# See problematic frame for where to report the bug.
#

---------------  T H R E A D  ---------------

Current thread (0x017ea800):  JavaThread "AWT-Windows" daemon [_thread_in_native, id=2708, stack(0x03e30000,0x03e80000)]

siginfo: ExceptionCode=0xc0000005, reading address 0x00000000

Registers:
EAX=0x03e7e9a4, EBX=0x0188dab8, ECX=0x0000027c, EDX=0x00000180
ESP=0x03e7e98c, EBP=0x03e7eb3c, ESI=0x00000000, EDI=0x00000180
EIP=0x6d0b6b30, EFLAGS=0x00010212

Top of Stack: (sp=0x03e7e98c)
0x03e7e98c:   03e7e9a4 00001000 00000368 0188d898
0x03e7e99c:   000001c8 0000036d 0188d898 6d0aed4b
0x03e7e9ac:   00000000 0187b9b8 0188d898 0188d898
0x03e7e9bc:   03e7e99c 03e7eb3c 000001cd 0000036d
0x03e7e9cc:   0188d898 6d0b271f 445b4000 43e68000
0x03e7e9dc:   0000036d 000001cd 0187b9a4 6d0b31e1
0x03e7e9ec:   6d0b367d 00000005 000001ae 00000368
0x03e7e9fc:   000001c8 00009824 017ea918 00000001 

Instructions: (pc=0x6d0b6b30)
0x6d0b6b20:   05 00 20 00 00 50 c1 e2 05 8d 44 24 14 50 8b fa
0x6d0b6b30:   8b 16 57 c1 e1 05 51 56 ff 52 2c 85 c0 0f 8c 93 


Stack: [0x03e30000,0x03e80000],  sp=0x03e7e98c,  free space=13a03e7e48ck
Native frames: (J=compiled Java code, j=interpreted, Vv=VM code, C=native code)
C  [awt.dll+0xb6b30]
C  [awt.dll+0x9c74c]
C  [USER32.dll+0x75b3]
C  [USER32.dll+0x77b8]
C  [USER32.dll+0x9744]
C  [USER32.dll+0x9894]
C  [ntdll.dll+0x72cde]
C  [USER32.dll+0x99ac]
C  [UxTheme.dll+0x5b9c]
C  [UxTheme.dll+0x5a13]
C  [UxTheme.dll+0x1964]
C  [USER32.dll+0x9962]
C  [USER32.dll+0x75b3]
C  [USER32.dll+0x77b8]
C  [USER32.dll+0x9b6a]
C  [COMCTL32.dll+0x33d76]
C  [COMCTL32.dll+0x33d57]

Java frames: (J=compiled Java code, j=interpreted, Vv=VM code)
j  sun.awt.windows.WToolkit.eventLoop()V+0
j  sun.awt.windows.WToolkit.run()V+52
j  java.lang.Thread.run()V+11
v  ~StubRoutines::call_stub

---------------  P R O C E S S  ---------------

Java Threads: ( => current thread )
  0x06b19800 JavaThread "D3D Screen Updater" daemon [_thread_blocked, id=5924, stack(0x06df0000,0x06e40000)]
  0x017e7c00 JavaThread "DestroyJavaVM" [_thread_blocked, id=2568, stack(0x01230000,0x01280000)]
  0x017eb400 JavaThread "AWT-EventQueue-0" [_thread_in_native, id=4260, stack(0x03e80000,0x03ed0000)]
=>0x017ea800 JavaThread "AWT-Windows" daemon [_thread_in_native, id=2708, stack(0x03e30000,0x03e80000)]
  0x017e9400 JavaThread "AWT-Shutdown" [_thread_blocked, id=4764, stack(0x03de0000,0x03e30000)]
  0x017eb000 JavaThread "Java2D Disposer" daemon [_thread_blocked, id=5864, stack(0x03d90000,0x03de0000)]
  0x017ea000 JavaThread "Low Memory Detector" daemon [_thread_blocked, id=5356, stack(0x03ae0000,0x03b30000)]
  0x017edc00 JavaThread "CompilerThread0" daemon [_thread_blocked, id=4372, stack(0x03a90000,0x03ae0000)]
  0x017e8400 JavaThread "Attach Listener" daemon [_thread_blocked, id=776, stack(0x03a40000,0x03a90000)]
  0x017e9000 JavaThread "Signal Dispatcher" daemon [_thread_blocked, id=2416, stack(0x039f0000,0x03a40000)]
  0x017e0800 JavaThread "Finalizer" daemon [_thread_blocked, id=2260, stack(0x039a0000,0x039f0000)]
  0x017df000 JavaThread "Reference Handler" daemon [_thread_blocked, id=2732, stack(0x03950000,0x039a0000)]

Other Threads:
  0x017ddc00 VMThread [stack: 0x018c0000,0x01910000] [id=3064]
  0x01801c00 WatcherThread [stack: 0x03b30000,0x03b80000] [id=4396]

VM state:not at safepoint (normal execution)

VM Mutex/Monitor currently owned by a thread: None

Heap
 def new generation   total 4928K, used 2755K [0x236a0000, 0x23bf0000, 0x28bf0000)
  eden space 4416K,  62% used [0x236a0000, 0x2394dc00, 0x23af0000)
  from space 512K,   2% used [0x23af0000, 0x23af3038, 0x23b70000)
  to   space 512K,   0% used [0x23b70000, 0x23b70000, 0x23bf0000)
 tenured generation   total 10944K, used 1430K [0x28bf0000, 0x296a0000, 0x336a0000)
   the space 10944K,  13% used [0x28bf0000, 0x28d55af0, 0x28d55c00, 0x296a0000)
 compacting perm gen  total 12288K, used 227K [0x336a0000, 0x342a0000, 0x376a0000)
   the space 12288K,   1% used [0x336a0000, 0x336d8d78, 0x336d8e00, 0x342a0000)
    ro space 10240K,  51% used [0x376a0000, 0x37bcbaf8, 0x37bcbc00, 0x380a0000)
    rw space 12288K,  54% used [0x380a0000, 0x387376d8, 0x38737800, 0x38ca0000)

Dynamic libraries:
0x00400000 - 0x00424000 	C:\Program Files\Java\jre6\bin\javaw.exe
0x77b30000 - 0x77c95000 	C:\Windows\SYSTEM32\ntdll.dll
0x75980000 - 0x75a79000 	C:\Windows\system32\KERNEL32.DLL
0x756e0000 - 0x757b2000 	C:\Windows\system32\KERNELBASE.dll
0x74560000 - 0x745f9000 	C:\Windows\system32\apphelp.dll
0x66710000 - 0x66969000 	C:\Windows\AppPatch\AcGenral.DLL
0x76400000 - 0x764be000 	C:\Windows\system32\msvcrt.dll
0x77ae0000 - 0x77b1e000 	C:\Windows\SYSTEM32\sechost.dll
0x75460000 - 0x75482000 	C:\Windows\SYSTEM32\SspiCli.dll
0x76250000 - 0x76291000 	C:\Windows\system32\SHLWAPI.dll
0x74610000 - 0x746f1000 	C:\Windows\SYSTEM32\UxTheme.dll
0x76610000 - 0x7675b000 	C:\Windows\system32\USER32.dll
0x75ec0000 - 0x75fca000 	C:\Windows\system32\GDI32.dll
0x6eaa0000 - 0x6eac0000 	C:\Windows\SYSTEM32\WINMM.dll
0x71970000 - 0x71982000 	C:\Windows\SYSTEM32\samcli.dll
0x75db0000 - 0x75ebc000 	C:\Windows\system32\ole32.dll
0x75aa0000 - 0x75b27000 	C:\Windows\system32\OLEAUT32.dll
0x666f0000 - 0x66705000 	C:\Windows\SYSTEM32\MSACM32.dll
0x732f0000 - 0x732f8000 	C:\Windows\SYSTEM32\VERSION.dll
0x767e0000 - 0x7798d000 	C:\Windows\system32\SHELL32.dll
0x74dd0000 - 0x74de9000 	C:\Windows\SYSTEM32\USERENV.dll
0x73c70000 - 0x73c88000 	C:\Windows\SYSTEM32\dwmapi.dll
0x704f0000 - 0x70612000 	C:\Windows\SYSTEM32\urlmon.dll
0x76760000 - 0x767d8000 	C:\Windows\system32\ADVAPI32.dll
0x6fe90000 - 0x6feee000 	C:\Windows\SYSTEM32\WINSPOOL.DRV
0x6f390000 - 0x6f3a4000 	C:\Windows\SYSTEM32\MPR.dll
0x75b30000 - 0x75bf4000 	C:\Windows\system32\RPCRT4.dll
0x764c0000 - 0x7660e000 	C:\Windows\SYSTEM32\combase.dll
0x6ea80000 - 0x6eaa0000 	C:\Windows\SYSTEM32\WINMMBASE.dll
0x75590000 - 0x7559e000 	C:\Windows\SYSTEM32\profapi.dll
0x6f9c0000 - 0x6fbd9000 	C:\Windows\SYSTEM32\iertutil.dll
0x6f800000 - 0x6f9bd000 	C:\Windows\SYSTEM32\WININET.dll
0x75940000 - 0x7597a000 	C:\Windows\SYSTEM32\cfgmgr32.dll
0x74780000 - 0x7479f000 	C:\Windows\SYSTEM32\DEVOBJ.dll
0x762a0000 - 0x76316000 	C:\Windows\system32\SHCORE.DLL
0x76220000 - 0x76245000 	C:\Windows\system32\IMM32.DLL
0x77990000 - 0x77a87000 	C:\Windows\system32\MSCTF.dll
0x10000000 - 0x1001a000 	C:\Program Files\Baidu Security\Baidu Antivirus\Bavnt.dll
0x01140000 - 0x011ec000 	C:\Program Files\Baidu Security\Baidu Antivirus\bavum.dll
0x76140000 - 0x7618d000 	C:\Windows\system32\WS2_32.dll
0x72bb0000 - 0x72bf8000 	C:\Windows\SYSTEM32\OLEACC.dll
0x76130000 - 0x76136000 	C:\Windows\system32\PSAPI.DLL
0x73b80000 - 0x73b8e000 	C:\Windows\SYSTEM32\WTSAPI32.dll
0x77b20000 - 0x77b27000 	C:\Windows\system32\NSI.dll
0x7c340000 - 0x7c396000 	C:\Program Files\Java\jre6\bin\msvcr71.dll
0x6d7f0000 - 0x6da97000 	C:\Program Files\Java\jre6\bin\client\jvm.dll
0x6d7a0000 - 0x6d7ac000 	C:\Program Files\Java\jre6\bin\verify.dll
0x6d320000 - 0x6d33f000 	C:\Program Files\Java\jre6\bin\java.dll
0x6d280000 - 0x6d288000 	C:\Program Files\Java\jre6\bin\hpi.dll
0x6d7e0000 - 0x6d7ef000 	C:\Program Files\Java\jre6\bin\zip.dll
0x6d000000 - 0x6d14a000 	C:\Program Files\Java\jre6\bin\awt.dll
0x73840000 - 0x73a26000 	C:\Windows\WinSxS\x86_microsoft.windows.common-controls_6595b64144ccf1df_6.0.9600.17031_none_a9efdb8b01377ea7\COMCTL32.dll
0x74770000 - 0x74779000 	C:\Windows\SYSTEM32\kernel.appcore.dll
0x754f0000 - 0x754f9000 	C:\Windows\SYSTEM32\CRYPTBASE.dll
0x75490000 - 0x754e3000 	C:\Windows\SYSTEM32\bcryptPrimitives.dll
0x6d230000 - 0x6d27f000 	C:\Program Files\Java\jre6\bin\fontmanager.dll
0x68c30000 - 0x68de8000 	C:\Windows\SYSTEM32\d3d9.dll
0x73c90000 - 0x73d76000 	C:\Windows\SYSTEM32\aticfx32.dll
0x61a60000 - 0x61a79000 	C:\Windows\SYSTEM32\atiu9pag.dll
0x61460000 - 0x61a5c000 	C:\Windows\SYSTEM32\atiumdag.dll
0x608e0000 - 0x60d71000 	C:\Windows\SYSTEM32\atiumdva.dll
0x6d440000 - 0x6d465000 	C:\Program Files\Java\jre6\bin\jpeg.dll
0x6d600000 - 0x6d613000 	C:\Program Files\Java\jre6\bin\net.dll
0x74ff0000 - 0x75035000 	C:\Windows\system32\mswsock.dll
0x6d620000 - 0x6d629000 	C:\Program Files\Java\jre6\bin\nio.dll

VM Arguments:
jvm_args: -Dfile.encoding=Cp1252 
java_command: com.ihm.home2
Launcher Type: SUN_STANDARD

Environment Variables:
PATH=C:/Program Files/Java/jre7/bin/client;C:/Program Files/Java/jre7/bin;C:/Program Files/Java/jre7/lib/i386;C:\Windows\system32;C:\Windows;C:\Windows\System32\Wbem;C:\Windows\System32\WindowsPowerShell\v1.0\;c:\Program Files\Microsoft SQL Server\100\Tools\Binn\;c:\Program Files\Microsoft SQL Server\100\DTS\Binn\;C:\Program Files\eclipse-jee-kepler-SR1-win32\eclipse;
USERNAME=hamza
OS=Windows_NT
PROCESSOR_IDENTIFIER=x86 Family 16 Model 6 Stepping 2, AuthenticAMD



---------------  S Y S T E M  ---------------

OS: Windows NT 6.2 Build 9200 

CPU:total 2 (2 cores per cpu, 1 threads per core) family 16 model 6 stepping 2, cmov, cx8, fxsr, mmx, sse, sse2, sse3, popcnt, mmxext, 3dnow, 3dnowext, lzcnt, sse4a

Memory: 4k page, physical 2095472k(637608k free), swap 3078512k(783440k free)

vm_info: Java HotSpot(TM) Client VM (17.1-b03) for windows-x86 JRE (1.6.0_22-b04), built on Sep 15 2010 00:56:36 by "java_re" with MS VC++ 7.1 (VS2003)

time: Fri Apr 25 22:40:12 2014
elapsed time: 3982 seconds

